<?xml version="1.0" encoding="UTF-8"?>
<!-- Generated by org.testng.reporters.JUnitXMLReporter -->
<testsuite hostname="Reenus-MBP" name="Test5" tests="1" failures="1" timestamp="19 Nov 2017 13:09:32 GMT" time="30.284" errors="0">
  <testcase name="SideStripeNig" time="4.589" classname="com.Srihari.MavenFrameWork.LoginPage.TC005_SideStripeNig">
    <failure type="org.openqa.selenium.WebDriverException" message="Element is not clickable at point (91, 27.5). Other element would receive the click: &amp;lt;div style=&amp;quot;height: 897px;&amp;quot; class=&amp;quot;modal-backdrop fade in&amp;quot;&amp;gt;&amp;lt;/div&amp;gt;
Command duration or timeout: 66 milliseconds
Build info: version: &amp;apos;2.53.1&amp;apos;, revision: &amp;apos;a36b8b1&amp;apos;, time: &amp;apos;2016-06-30 17:37:03&amp;apos;
System info: host: &amp;apos;Reenus-MBP&amp;apos;, ip: &amp;apos;192.168.1.3&amp;apos;, os.name: &amp;apos;Mac OS X&amp;apos;, os.arch: &amp;apos;x86_64&amp;apos;, os.version: &amp;apos;10.12&amp;apos;, java.version: &amp;apos;1.8.0_131&amp;apos;
Driver info: org.openqa.selenium.firefox.FirefoxDriver
Capabilities [{applicationCacheEnabled=true, rotatable=false, handlesAlerts=true, databaseEnabled=true, version=45.0.1, platform=MAC, nativeEvents=false, acceptSslCerts=true, webStorageEnabled=true, locationContextEnabled=true, browserName=firefox, takesScreenshot=true, javascriptEnabled=true, cssSelectorsEnabled=true}]
Session ID: c2a5e923-1601-334f-b6e0-a23aeaddcc11">
      <![CDATA[org.openqa.selenium.WebDriverException: Element is not clickable at point (91, 27.5). Other element would receive the click: <div style="height: 897px;" class="modal-backdrop fade in"></div>
Command duration or timeout: 66 milliseconds
Build info: version: '2.53.1', revision: 'a36b8b1', time: '2016-06-30 17:37:03'
System info: host: 'Reenus-MBP', ip: '192.168.1.3', os.name: 'Mac OS X', os.arch: 'x86_64', os.version: '10.12', java.version: '1.8.0_131'
Driver info: org.openqa.selenium.firefox.FirefoxDriver
Capabilities [{applicationCacheEnabled=true, rotatable=false, handlesAlerts=true, databaseEnabled=true, version=45.0.1, platform=MAC, nativeEvents=false, acceptSslCerts=true, webStorageEnabled=true, locationContextEnabled=true, browserName=firefox, takesScreenshot=true, javascriptEnabled=true, cssSelectorsEnabled=true}]
Session ID: c2a5e923-1601-334f-b6e0-a23aeaddcc11
	at org.openqa.selenium.remote.ErrorHandler.createThrowable(ErrorHandler.java:206)
	at org.openqa.selenium.remote.ErrorHandler.throwIfResponseFailed(ErrorHandler.java:158)
	at org.openqa.selenium.remote.RemoteWebDriver.execute(RemoteWebDriver.java:678)
	at org.openqa.selenium.remote.RemoteWebElement.execute(RemoteWebElement.java:327)
	at org.openqa.selenium.remote.RemoteWebElement.click(RemoteWebElement.java:85)
	at com.Srihari.MavenFrameWork.uiActions.HomePage.CheckAllLinks(HomePage.java:433)
	at com.Srihari.MavenFrameWork.LoginPage.TC005_SideStripeNig.SideStripeNig(TC005_SideStripeNig.java:25)
... Removed 28 stack frames]]>
    </failure>
  </testcase> <!-- SideStripeNig -->
</testsuite> <!-- Test5 -->
