<?xml version="1.0" encoding="UTF-8"?>
<!-- Generated by org.testng.reporters.JUnitXMLReporter -->
<testsuite hostname="Reenus-MBP" name="Test4" tests="1" failures="1" timestamp="19 Nov 2017 13:09:02 GMT" time="52.938" errors="0">
  <testcase name="SharePostOnlyWithme" time="12.716" classname="com.Srihari.MavenFrameWork.LoginPage.TC003_SharePostOnlyWithme">
    <failure type="java.lang.NullPointerException">
      <![CDATA[java.lang.NullPointerException
	at com.Srihari.MavenFrameWork.LoginPage.TC003_SharePostOnlyWithme.SharePostOnlyWithme(TC003_SharePostOnlyWithme.java:35)
... Removed 24 stack frames]]>
    </failure>
  </testcase> <!-- SharePostOnlyWithme -->
</testsuite> <!-- Test4 -->
