<?xml version="1.0" encoding="UTF-8"?>
<!-- Generated by org.testng.reporters.JUnitXMLReporter -->
<testsuite hostname="Reenus-MBP" name="WorldLoadValuesTest" tests="6" failures="0" timestamp="22 Nov 2017 19:45:53 GMT" time="215.835" errors="0">
  <testcase name="OpenWorkload" time="11.803" classname="com.Srihari.MavenFrameWork.Workload.TC_01_OpenWorkLoad"/>
  <testcase name="WorkloadOpen" time="25.153" classname="com.Srihari.MavenFrameWork.Workload.TC_01_OpenWorkLoad"/>
  <testcase name="AddWorkLoad" time="8.153" classname="com.Srihari.MavenFrameWork.Workload.TC_01_OpenWorkLoad"/>
  <testcase name="ChangeGraphs" time="8.041" classname="com.Srihari.MavenFrameWork.Workload.TC_01_OpenWorkLoad"/>
  <testcase name="EditWorkloadValues" time="1.829" classname="com.Srihari.MavenFrameWork.Workload.TC_01_OpenWorkLoad"/>
  <testcase name="DeleteWorkloadValues" time="0.39" classname="com.Srihari.MavenFrameWork.Workload.TC_01_OpenWorkLoad"/>
</testsuite> <!-- WorldLoadValuesTest -->
