<?xml version="1.0" encoding="UTF-8"?>
<!-- Generated by org.testng.reporters.JUnitXMLReporter -->
<testsuite hostname="Reenus-MacBook-Pro.local" name="Default test" tests="4" failures="0" timestamp="5 Dec 2017 19:13:26 GMT" time="97.847" errors="0">
  <testcase name="OpenWorkload" time="11.902" classname="com.Srihari.MavenFrameWork.Workload.TC01_MatchScore"/>
  <testcase name="Match_Score" time="44.812" classname="com.Srihari.MavenFrameWork.Workload.TC01_MatchScore"/>
  <testcase name="ValidationOppition" time="4.668" classname="com.Srihari.MavenFrameWork.Workload.TC01_MatchScore"/>
  <testcase name="ValidationLeague" time="3.569" classname="com.Srihari.MavenFrameWork.Workload.TC01_MatchScore"/>
</testsuite> <!-- Default test -->
